<?xml version="1.0" encoding="UTF-8"?>
<!-- Generated by org.testng.reporters.JUnitReportReporter -->
<testsuite hostname="MKD-CORP-BCP112" failures="0" tests="2" name="com.cyient.test.FlightErrorTest" time="57.666" errors="0" timestamp="2021-06-13T13:24:35 IST" skipped="0">
  <testcase classname="com.cyient.test.FlightErrorTest" name="destinationErrorTest" time="28.095"/>
  <system-out/>
  <testcase classname="com.cyient.test.FlightErrorTest" name="roundTripErrorTest" time="29.571"/>
  <system-out/>
</testsuite> <!-- com.cyient.test.FlightErrorTest -->
